2020-09-18 18:27:52,068 :: Fonction= calculer_temps :: message_01= Temps passé pour avoir 1 PP: 0:00:11 hh:mm:ss
2020-09-18 18:27:52,068 :: Fonction= calculer_temps :: message_02= Temps passé pour avoir 10000 PP: 1 day, 4:26:40 hh:mm:ss
2020-09-18 18:27:52,957 :: Fonction= calculer_PP :: message_01= 1407 PP gagné en 4 heures.
2020-09-18 18:27:57,121 :: Fonction= calculer_PP :: message_01= 2110 PP gagné en 6 heures.
2020-09-18 18:28:02,429 :: Fonction= calculer_temps :: message_01= Temps passé pour avoir 1 PP: 0:00:11 hh:mm:ss
2020-09-18 18:28:02,429 :: Fonction= calculer_temps :: message_02= Temps passé pour avoir 100 PP: 0:17:04 hh:mm:ss
2020-09-18 18:29:48,905 :: Fonction= calculer_PP :: message_01= 1911 PP gagné en 6 heures.
2020-09-18 18:29:49,458 :: Fonction= calculer_temps :: message_01= Temps passé pour avoir 1 PP: 0:00:12 hh:mm:ss
2020-09-18 18:29:49,458 :: Fonction= calculer_temps :: message_02= Temps passé pour avoir 250 PP: 0:47:07 hh:mm:ss
2020-09-20 11:36:11,011 :: Fonction= calculer_temps :: message_01= Temps passé pour avoir 1 PP: 0:00:10 hh:mm:ss
2020-09-20 11:36:11,012 :: Fonction= calculer_temps :: message_02= Temps passé pour avoir 30000 PP: 3 days, 10:42:46 hh:mm:ss
2020-09-20 11:37:57,205 :: Fonction= calculer_temps :: message_01= Temps passé pour avoir 1 PP: 0:00:10 hh:mm:ss
2020-09-20 11:37:57,205 :: Fonction= calculer_temps :: message_02= Temps passé pour avoir 30000 PP: 3 days, 10:42:46 hh:mm:ss
2020-09-20 11:37:58,892 :: Fonction= calculer_PP :: message_01= 363 PP gagné en 1 heures.
2020-09-20 11:38:05,558 :: Fonction= calculer_temps :: message_01= Temps passé pour avoir 1 PP: 0:00:10 hh:mm:ss
2020-09-20 11:38:05,558 :: Fonction= calculer_temps :: message_02= Temps passé pour avoir 30000 PP: 3 days, 10:42:46 hh:mm:ss
2020-09-20 11:38:18,744 :: Fonction= calculer_temps :: message_01= Temps passé pour avoir 1 PP: 0:00:10 hh:mm:ss
2020-09-20 11:38:18,744 :: Fonction= calculer_temps :: message_02= Temps passé pour avoir 30000 PP: 3 days, 10:41:06 hh:mm:ss
2020-09-20 11:38:19,963 :: Fonction= calculer_PP :: message_01= 363 PP gagné en 1 heures.
2020-09-20 16:15:43,390 :: Fonction= calculer_temps :: message_01= Temps passé pour avoir 1 PP: 0:00:10 hh:mm:ss
2020-09-20 16:15:43,390 :: Fonction= calculer_temps :: message_02= Temps passé pour avoir 2500 PP: 6:32:26 hh:mm:ss
2020-09-20 16:16:01,880 :: Fonction= calculer_temps :: message_01= Temps passé pour avoir 1 PP: 0:00:10 hh:mm:ss
2020-09-20 16:16:01,880 :: Fonction= calculer_temps :: message_02= Temps passé pour avoir 30000 PP: 3 days, 6:29:08 hh:mm:ss
2020-09-22 15:41:18,355 :: Fonction= calculer_PP :: message_01= 394 PP gagné en 1 heures.
2020-09-22 15:41:19,773 :: Fonction= calculer_temps :: message_01= Temps passé pour avoir 1 PP: 0:00:10 hh:mm:ss
2020-09-22 15:41:19,773 :: Fonction= calculer_temps :: message_02= Temps passé pour avoir 2500 PP: 6:21:24 hh:mm:ss
2020-09-22 15:41:20,596 :: Fonction= calculer_PP :: message_01= 394 PP gagné en 1 heures.
2020-09-22 15:41:21,242 :: Fonction= calculer_temps :: message_01= Temps passé pour avoir 1 PP: 0:00:10 hh:mm:ss
2020-09-22 15:41:21,242 :: Fonction= calculer_temps :: message_02= Temps passé pour avoir 2500 PP: 6:21:24 hh:mm:ss
2020-09-22 15:41:33,153 :: Fonction= calculer_temps :: message_01= Temps passé pour avoir 1 PP: 0:00:10 hh:mm:ss
2020-09-22 15:41:33,154 :: Fonction= calculer_temps :: message_02= Temps passé pour avoir 2500 PP: 6:20:34 hh:mm:ss
2020-09-22 15:41:34,333 :: Fonction= calculer_PP :: message_01= 395 PP gagné en 1 heures.
2020-09-22 15:41:40,726 :: Fonction= calculer_PP :: message_01= 395 PP gagné en 1 heures.
2020-09-22 15:41:46,687 :: Fonction= calculer_temps :: message_01= Temps passé pour avoir 1 PP: 0:00:10 hh:mm:ss
2020-09-22 15:41:46,687 :: Fonction= calculer_temps :: message_02= Temps passé pour avoir 2500 PP: 6:16:30 hh:mm:ss
2020-09-22 15:41:48,063 :: Fonction= calculer_PP :: message_01= 399 PP gagné en 1 heures.
2020-09-22 15:41:48,965 :: Fonction= calculer_PP :: message_01= 399 PP gagné en 1 heures.
2020-09-22 15:41:56,183 :: Fonction= calculer_temps :: message_01= Temps passé pour avoir 1 PP: 0:00:09 hh:mm:ss
2020-09-22 15:41:56,210 :: Fonction= calculer_temps :: message_02= Temps passé pour avoir 2500 PP: 5:51:24 hh:mm:ss
2020-09-22 15:41:57,896 :: Fonction= calculer_PP :: message_01= 427 PP gagné en 1 heures.
2020-09-23 09:04:37,928 :: Fonction= calculer_temps :: message_01= Temps passé pour avoir 1 PP: 0:00:09 hh:mm:ss
2020-09-23 09:04:37,956 :: Fonction= calculer_temps :: message_02= Temps passé pour avoir 2500 PP: 6:10:10 hh:mm:ss
2020-09-23 09:04:46,612 :: Fonction= calculer_PP :: message_01= 406 PP gagné en 1 heures.
2020-09-23 09:04:56,244 :: Fonction= calculer_PP :: message_01= 429 PP gagné en 1 heures.
2020-09-23 09:04:57,134 :: Fonction= calculer_temps :: message_01= Temps passé pour avoir 1 PP: 0:00:09 hh:mm:ss
2020-09-23 09:04:57,134 :: Fonction= calculer_temps :: message_02= Temps passé pour avoir 2500 PP: 5:50:00 hh:mm:ss
2020-09-23 15:44:00,298 :: Fonction= calculer_temps :: message_01= Temps passé pour avoir 1 PP: 0:00:10 hh:mm:ss (280000 points)
2020-09-23 15:44:00,298 :: Fonction= calculer_temps :: message_02= Temps passé pour avoir 30000 PP: 3 days, 3:53:35 hh:mm:ss (280000 points)
2020-09-23 15:44:02,237 :: Fonction= calculer_PP :: message_01= 1186 PP gagné en 3 heures (280000 points)
2020-09-23 15:44:49,776 :: Fonction= calculer_temps :: message_01= Temps passé pour avoir 1 PP: 0:00:10 hh:mm:ss (280000 points)
2020-09-23 15:44:49,776 :: Fonction= calculer_temps :: message_02= Temps passé pour avoir 30000 PP: 3 days, 3:53:35 hh:mm:ss (280000 points)
2020-09-23 15:44:53,250 :: Fonction= calculer_PP :: message_01= 1582 PP gagné en 4 heures (280000 points)
2020-09-23 15:44:54,261 :: Fonction= calculer_temps :: message_01= Temps passé pour avoir 1 PP: 0:00:10 hh:mm:ss (280000 points)
2020-09-23 15:44:54,262 :: Fonction= calculer_temps :: message_02= Temps passé pour avoir 30000 PP: 3 days, 3:53:35 hh:mm:ss (280000 points)
2020-09-23 15:47:01,209 :: Fonction= calculer_PP :: message_01= 2372 PP gagné en 6 heures (280000 points)
2020-09-23 15:47:02,568 :: Fonction= calculer_temps :: message_01= Temps passé pour avoir 1 PP: 0:00:10 hh:mm:ss (280000 points)
2020-09-23 15:47:02,568 :: Fonction= calculer_temps :: message_02= Temps passé pour avoir 30000 PP: 3 days, 3:53:35 hh:mm:ss (280000 points)
2020-09-23 15:47:08,718 :: Fonction= calculer_temps :: message_01= Temps passé pour avoir 1 PP: 0:00:03 hh:mm:ss (1000000 points)
2020-09-23 15:47:08,718 :: Fonction= calculer_temps :: message_02= Temps passé pour avoir 30000 PP: 21:15:00 hh:mm:ss (1000000 points)
2020-09-24 12:42:15,320 :: Fonction= calculer_temps :: message_01= Temps passé pour avoir 1 PP: 0:00:09 hh:mm:ss (290923 points)
2020-09-24 12:42:15,372 :: Fonction= calculer_temps :: message_02= Temps passé pour avoir 20000 PP: 2 days, 0:07:22 hh:mm:ss (290923 points)
2020-09-24 12:42:46,071 :: Fonction= calculer_temps :: message_01= Temps passé pour avoir 1 PP: 0:00:09 hh:mm:ss (291000 points)
2020-09-24 12:42:46,072 :: Fonction= calculer_temps :: message_02= Temps passé pour avoir 20000 PP: 2 days, 0:06:36 hh:mm:ss (291000 points)
2020-09-25 08:35:59,907 :: Fonction= calculer_temps :: message_01= Temps passé pour avoir 1 PP: 0:00:09 hh:mm:ss (292565 points)
2020-09-25 08:35:59,907 :: Fonction= calculer_temps :: message_02= Temps passé pour avoir 10000 PP: 23:55:35 hh:mm:ss (292565 points)
2020-09-25 20:40:30,794 :: Fonction= calculer_temps :: message_01= Temps passé pour avoir 1 PP: 0:00:09 hh:mm:ss (298832 points)
2020-09-25 20:40:30,794 :: Fonction= calculer_temps :: message_02= Temps passé pour avoir 100 PP: 0:14:04 hh:mm:ss (298832 points)
2020-09-25 20:40:54,431 :: Fonction= calculer_temps :: message_01= Temps passé pour avoir 1 PP: 0:00:09 hh:mm:ss (298832 points)
2020-09-25 20:40:54,431 :: Fonction= calculer_temps :: message_02= Temps passé pour avoir 60 PP: 0:08:26 hh:mm:ss (298832 points)
2020-09-25 20:40:55,830 :: Fonction= calculer_temps :: message_01= Temps passé pour avoir 1 PP: 0:00:09 hh:mm:ss (298832 points)
2020-09-25 20:40:55,831 :: Fonction= calculer_temps :: message_02= Temps passé pour avoir 60 PP: 0:08:26 hh:mm:ss (298832 points)
2020-09-25 20:40:56,634 :: Fonction= calculer_temps :: message_01= Temps passé pour avoir 1 PP: 0:00:09 hh:mm:ss (298832 points)
2020-09-25 20:40:56,635 :: Fonction= calculer_temps :: message_02= Temps passé pour avoir 60 PP: 0:08:26 hh:mm:ss (298832 points)
2020-09-25 20:40:56,860 :: Fonction= calculer_temps :: message_01= Temps passé pour avoir 1 PP: 0:00:09 hh:mm:ss (298832 points)
2020-09-25 20:40:56,860 :: Fonction= calculer_temps :: message_02= Temps passé pour avoir 60 PP: 0:08:26 hh:mm:ss (298832 points)
2020-09-25 20:40:57,069 :: Fonction= calculer_temps :: message_01= Temps passé pour avoir 1 PP: 0:00:09 hh:mm:ss (298832 points)
2020-09-25 20:40:57,069 :: Fonction= calculer_temps :: message_02= Temps passé pour avoir 60 PP: 0:08:26 hh:mm:ss (298832 points)
2020-09-25 20:40:57,266 :: Fonction= calculer_temps :: message_01= Temps passé pour avoir 1 PP: 0:00:09 hh:mm:ss (298832 points)
2020-09-25 20:40:57,267 :: Fonction= calculer_temps :: message_02= Temps passé pour avoir 60 PP: 0:08:26 hh:mm:ss (298832 points)
2020-09-25 20:41:02,487 :: Fonction= calculer_temps :: message_01= Temps passé pour avoir 1 PP: 0:00:09 hh:mm:ss (298832 points)
2020-09-25 20:41:02,487 :: Fonction= calculer_temps :: message_02= Temps passé pour avoir 60 PP: 0:08:26 hh:mm:ss (298832 points)
